This is pdfTeX, Version 3.14159265-2.6-1.40.20 (TeX Live 2019/Debian) (preloaded format=pdflatex 2020.9.3)  15 SEP 2020 02:55
entering extended mode
 restricted \write18 enabled.
 file:line:error style messages enabled.
 %&-line parsing enabled.
**/home/shivam/Documents/sem3/cs215/matlab_scripts/assignments/assign2/submission.tex
(/home/shivam/Documents/sem3/cs215/matlab_scripts/assignments/assign2/submission.tex
LaTeX2e <2020-02-02> patch level 2
L3 programming layer <2020-02-14> (/usr/share/texlive/texmf-dist/tex/latex/base/article.cls
Document Class: article 2019/12/20 v1.4l Standard LaTeX document class
(/usr/share/texlive/texmf-dist/tex/latex/base/size10.clo
File: size10.clo 2019/12/20 v1.4l Standard LaTeX file (size option)
)
\c@part=\count167
\c@section=\count168
\c@subsection=\count169
\c@subsubsection=\count170
\c@paragraph=\count171
\c@subparagraph=\count172
\c@figure=\count173
\c@table=\count174
\abovecaptionskip=\skip47
\belowcaptionskip=\skip48
\bibindent=\dimen134
) (/usr/share/texlive/texmf-dist/tex/latex/geometry/geometry.sty
Package: geometry 2020/01/02 v5.9 Page Geometry
 (/usr/share/texlive/texmf-dist/tex/latex/graphics/keyval.sty
Package: keyval 2014/10/28 v1.15 key=value parser (DPC)
\KV@toks@=\toks14
) (/usr/share/texlive/texmf-dist/tex/generic/iftex/ifvtex.sty
Package: ifvtex 2019/10/25 v1.7 ifvtex legacy package. Use iftex instead.
 (/usr/share/texlive/texmf-dist/tex/generic/iftex/iftex.sty
Package: iftex 2019/11/07 v1.0c TeX engine tests
))
\Gm@cnth=\count175
\Gm@cntv=\count176
\c@Gm@tempcnt=\count177
\Gm@bindingoffset=\dimen135
\Gm@wd@mp=\dimen136
\Gm@odd@mp=\dimen137
\Gm@even@mp=\dimen138
\Gm@layoutwidth=\dimen139
\Gm@layoutheight=\dimen140
\Gm@layouthoffset=\dimen141
\Gm@layoutvoffset=\dimen142
\Gm@dimlist=\toks15
) (/usr/share/texlive/texmf-dist/tex/latex/parskip/parskip.sty
Package: parskip 2020-01-22 v2.0d non-zero parskip adjustments
 (/usr/share/texlive/texmf-dist/tex/latex/kvoptions/kvoptions.sty
Package: kvoptions 2019/11/29 v3.13 Key value format for package options (HO)
 (/usr/share/texlive/texmf-dist/tex/generic/ltxcmds/ltxcmds.sty
Package: ltxcmds 2019/12/15 v1.24 LaTeX kernel commands for general use (HO)
) (/usr/share/texlive/texmf-dist/tex/generic/kvsetkeys/kvsetkeys.sty
Package: kvsetkeys 2019/12/15 v1.18 Key value parser (HO)
)) (/usr/share/texlive/texmf-dist/tex/latex/etoolbox/etoolbox.sty
Package: etoolbox 2019/09/21 v2.5h e-TeX tools for LaTeX (JAW)
\etb@tempcnta=\count178
)) (/usr/share/texlive/texmf-dist/tex/latex/ragged2e/ragged2e.sty
Package: ragged2e 2019/07/28 v2.2 ragged2e Package (MS)
 (/usr/share/texlive/texmf-dist/tex/latex/ms/everysel.sty
Package: everysel 2011/10/28 v1.2 EverySelectfont Package (MS)
)
\CenteringLeftskip=\skip49
\RaggedLeftLeftskip=\skip50
\RaggedRightLeftskip=\skip51
\CenteringRightskip=\skip52
\RaggedLeftRightskip=\skip53
\RaggedRightRightskip=\skip54
\CenteringParfillskip=\skip55
\RaggedLeftParfillskip=\skip56
\RaggedRightParfillskip=\skip57
\JustifyingParfillskip=\skip58
\CenteringParindent=\skip59
\RaggedLeftParindent=\skip60
\RaggedRightParindent=\skip61
\JustifyingParindent=\skip62
) (/usr/share/texlive/texmf-dist/tex/latex/hyperref/hyperref.sty
Package: hyperref 2020/01/14 v7.00d Hypertext links for LaTeX
 (/usr/share/texlive/texmf-dist/tex/latex/pdftexcmds/pdftexcmds.sty
Package: pdftexcmds 2019/11/24 v0.31 Utility functions of pdfTeX for LuaTeX (HO)
 (/usr/share/texlive/texmf-dist/tex/generic/infwarerr/infwarerr.sty
Package: infwarerr 2019/12/03 v1.5 Providing info/warning/error messages (HO)
)
Package pdftexcmds Info: \pdf@primitive is available.
Package pdftexcmds Info: \pdf@ifprimitive is available.
Package pdftexcmds Info: \pdfdraftmode found.
) (/usr/share/texlive/texmf-dist/tex/generic/kvdefinekeys/kvdefinekeys.sty
Package: kvdefinekeys 2019-12-19 v1.6 Define keys (HO)
) (/usr/share/texlive/texmf-dist/tex/generic/pdfescape/pdfescape.sty
Package: pdfescape 2019/12/09 v1.15 Implements pdfTeX's escape features (HO)
) (/usr/share/texlive/texmf-dist/tex/latex/hycolor/hycolor.sty
Package: hycolor 2020-01-27 v1.10 Color options for hyperref/bookmark (HO)
) (/usr/share/texlive/texmf-dist/tex/latex/letltxmacro/letltxmacro.sty
Package: letltxmacro 2019/12/03 v1.6 Let assignment for LaTeX macros (HO)
) (/usr/share/texlive/texmf-dist/tex/latex/auxhook/auxhook.sty
Package: auxhook 2019-12-17 v1.6 Hooks for auxiliary files (HO)
)
\@linkdim=\dimen143
\Hy@linkcounter=\count179
\Hy@pagecounter=\count180
 (/usr/share/texlive/texmf-dist/tex/latex/hyperref/pd1enc.def
File: pd1enc.def 2020/01/14 v7.00d Hyperref: PDFDocEncoding definition (HO)
Now handling font encoding PD1 ...
... no UTF-8 mapping file for font encoding PD1
) (/usr/share/texlive/texmf-dist/tex/generic/intcalc/intcalc.sty
Package: intcalc 2019/12/15 v1.3 Expandable calculations with integers (HO)
) (/usr/share/texlive/texmf-dist/tex/generic/etexcmds/etexcmds.sty
Package: etexcmds 2019/12/15 v1.7 Avoid name clashes with e-TeX commands (HO)
)
\Hy@SavedSpaceFactor=\count181
\pdfmajorversion=\count182
Package hyperref Info: Hyper figures OFF on input line 4547.
Package hyperref Info: Link nesting OFF on input line 4552.
Package hyperref Info: Hyper index ON on input line 4555.
Package hyperref Info: Plain pages OFF on input line 4562.
Package hyperref Info: Backreferencing OFF on input line 4567.
Package hyperref Info: Implicit mode ON; LaTeX internals redefined.
Package hyperref Info: Bookmarks ON on input line 4800.
\c@Hy@tempcnt=\count183
 (/usr/share/texlive/texmf-dist/tex/latex/url/url.sty
\Urlmuskip=\muskip16
Package: url 2013/09/16  ver 3.4  Verb mode for urls, etc.
)
LaTeX Info: Redefining \url on input line 5159.
\XeTeXLinkMargin=\dimen144
 (/usr/share/texlive/texmf-dist/tex/generic/bitset/bitset.sty
Package: bitset 2019/12/09 v1.3 Handle bit-vector datatype (HO)
 (/usr/share/texlive/texmf-dist/tex/generic/bigintcalc/bigintcalc.sty
Package: bigintcalc 2019/12/15 v1.5 Expandable calculations on big integers (HO)
))
\Fld@menulength=\count184
\Field@Width=\dimen145
\Fld@charsize=\dimen146
Package hyperref Info: Hyper figures OFF on input line 6430.
Package hyperref Info: Link nesting OFF on input line 6435.
Package hyperref Info: Hyper index ON on input line 6438.
Package hyperref Info: backreferencing OFF on input line 6445.
Package hyperref Info: Link coloring OFF on input line 6450.
Package hyperref Info: Link coloring with OCG OFF on input line 6455.
Package hyperref Info: PDF/A mode OFF on input line 6460.
LaTeX Info: Redefining \ref on input line 6500.
LaTeX Info: Redefining \pageref on input line 6504.
 (/usr/share/texlive/texmf-dist/tex/generic/atbegshi/atbegshi.sty
Package: atbegshi 2019/12/05 v1.19 At begin shipout hook (HO)
)
\Hy@abspage=\count185
\c@Item=\count186
\c@Hfootnote=\count187
)
Package hyperref Info: Driver (autodetected): hpdftex.
 (/usr/share/texlive/texmf-dist/tex/latex/hyperref/hpdftex.def
File: hpdftex.def 2020/01/14 v7.00d Hyperref driver for pdfTeX
 (/usr/share/texlive/texmf-dist/tex/latex/atveryend/atveryend.sty
Package: atveryend 2019-12-11 v1.11 Hooks at the very end of document (HO)
)
\Fld@listcount=\count188
\c@bookmark@seq@number=\count189
 (/usr/share/texlive/texmf-dist/tex/latex/rerunfilecheck/rerunfilecheck.sty
Package: rerunfilecheck 2019/12/05 v1.9 Rerun checks for auxiliary files (HO)
 (/usr/share/texlive/texmf-dist/tex/generic/uniquecounter/uniquecounter.sty
Package: uniquecounter 2019/12/15 v1.4 Provide unlimited unique counter (HO)
)
Package uniquecounter Info: New unique counter `rerunfilecheck' on input line 286.
)
\Hy@SectionHShift=\skip63
) (/usr/share/texlive/texmf-dist/tex/latex/fancyhdr/fancyhdr.sty
Package: fancyhdr 2019/01/31 v3.10 Extensive control of page headers and footers
\f@nch@headwidth=\skip64
\f@nch@O@elh=\skip65
\f@nch@O@erh=\skip66
\f@nch@O@olh=\skip67
\f@nch@O@orh=\skip68
\f@nch@O@elf=\skip69
\f@nch@O@erf=\skip70
\f@nch@O@olf=\skip71
\f@nch@O@orf=\skip72
) (/usr/share/texlive/texmf-dist/tex/latex/xcolor/xcolor.sty
Package: xcolor 2016/05/11 v2.12 LaTeX color extensions (UK)
 (/usr/share/texlive/texmf-dist/tex/latex/graphics-cfg/color.cfg
File: color.cfg 2016/01/02 v1.6 sample color configuration
)
Package xcolor Info: Driver file: pdftex.def on input line 225.
 (/usr/share/texlive/texmf-dist/tex/latex/graphics-def/pdftex.def
File: pdftex.def 2018/01/08 v1.0l Graphics/color driver for pdftex
)
Package xcolor Info: Model `cmy' substituted by `cmy0' on input line 1348.
Package xcolor Info: Model `hsb' substituted by `rgb' on input line 1352.
Package xcolor Info: Model `RGB' extended on input line 1364.
Package xcolor Info: Model `HTML' substituted by `rgb' on input line 1366.
Package xcolor Info: Model `Hsb' substituted by `hsb' on input line 1367.
Package xcolor Info: Model `tHsb' substituted by `hsb' on input line 1368.
Package xcolor Info: Model `HSB' substituted by `hsb' on input line 1369.
Package xcolor Info: Model `Gray' substituted by `gray' on input line 1370.
Package xcolor Info: Model `wave' substituted by `hsb' on input line 1371.
) (/usr/share/texlive/texmf-dist/tex/latex/graphics/graphicx.sty
Package: graphicx 2019/11/30 v1.2a Enhanced LaTeX Graphics (DPC,SPQR)
 (/usr/share/texlive/texmf-dist/tex/latex/graphics/graphics.sty
Package: graphics 2019/11/30 v1.4a Standard LaTeX Graphics (DPC,SPQR)
 (/usr/share/texlive/texmf-dist/tex/latex/graphics/trig.sty
Package: trig 2016/01/03 v1.10 sin cos tan (DPC)
) (/usr/share/texlive/texmf-dist/tex/latex/graphics-cfg/graphics.cfg
File: graphics.cfg 2016/06/04 v1.11 sample graphics configuration
)
Package graphics Info: Driver file: pdftex.def on input line 105.
)
\Gin@req@height=\dimen147
\Gin@req@width=\dimen148
) (/usr/share/texlive/texmf-dist/tex/latex/caption/subcaption.sty
Package: subcaption 2020/01/22 v1.3d Sub-captions (AR)
 (/usr/share/texlive/texmf-dist/tex/latex/caption/caption.sty
Package: caption 2020/01/03 v3.4h Customizing captions (AR)
 (/usr/share/texlive/texmf-dist/tex/latex/caption/caption3.sty
Package: caption3 2020/01/03 v1.8h caption3 kernel (AR)
Package caption3 Info: TeX engine: e-TeX on input line 61.
\captionmargin=\dimen149
\captionmargin@=\dimen150
\captionwidth=\dimen151
\caption@tempdima=\dimen152
\caption@indent=\dimen153
\caption@parindent=\dimen154
\caption@hangindent=\dimen155
Package caption Info: Standard document class detected.
)
\c@caption@flags=\count190
\c@continuedfloat=\count191
Package caption Info: hyperref package is loaded.
)
\c@subfigure=\count192
\c@subtable=\count193
) (/usr/share/texlive/texmf-dist/tex/latex/floatrow/floatrow.sty
Package: floatrow 2008/08/02 v0.3b floatrow: float package extension
\c@float@type=\count194
\float@exts=\toks16
\float@box=\box45
\@floatcapt=\box46
Package floatrow Info: Modified float package code loaded on input line 455.
Package floatrow Info: Modified rotfloat package code loaded on input line 473.
\FR@everyfloat=\toks17
\flrow@foot=\insert199
\FB@wd=\dimen156
\FBo@wd=\dimen157
\FBc@wd=\dimen158
\FBo@ht=\skip73
\FBc@ht=\skip74
\FBf@ht=\skip75
\FBo@max=\skip76
\FBc@max=\skip77
\FBf@max=\skip78
\c@FBl@b=\count195
\floatbox@depth=\count196
\c@FRobj=\count197
\c@FRsobj=\count198
\Xhsize=\skip79
\sXhsize=\skip80
\Zhsize=\skip81
\sZhsize=\skip82
\flrow@rowbox=\box47
\FR@Zunitlength=\dimen159
\c@FBcnt=\count266
\FPOScnt=\count267
\LTleft=\skip83
\LTright=\skip84
\LTleft=\skip85
\LTright=\skip86
\flrow@types=\toks18
) (/usr/share/texlive/texmf-dist/tex/latex/enumitem/enumitem.sty
Package: enumitem 2019/06/20 v3.9 Customized lists
\labelindent=\skip87
\enit@outerparindent=\dimen160
\enit@toks=\toks19
\enit@inbox=\box48
\enit@count@id=\count268
\enitdp@description=\count269
) (/usr/share/texlive/texmf-dist/tex/latex/amsmath/amsmath.sty
Package: amsmath 2020/01/20 v2.17e AMS math features
\@mathmargin=\skip88

For additional information on amsmath, use the `?' option.
(/usr/share/texlive/texmf-dist/tex/latex/amsmath/amstext.sty
Package: amstext 2000/06/29 v2.01 AMS text
 (/usr/share/texlive/texmf-dist/tex/latex/amsmath/amsgen.sty
File: amsgen.sty 1999/11/30 v2.0 generic functions
\@emptytoks=\toks20
\ex@=\dimen161
)) (/usr/share/texlive/texmf-dist/tex/latex/amsmath/amsbsy.sty
Package: amsbsy 1999/11/29 v1.2d Bold Symbols
\pmbraise@=\dimen162
) (/usr/share/texlive/texmf-dist/tex/latex/amsmath/amsopn.sty
Package: amsopn 2016/03/08 v2.02 operator names
)
\inf@bad=\count270
LaTeX Info: Redefining \frac on input line 227.
\uproot@=\count271
\leftroot@=\count272
LaTeX Info: Redefining \overline on input line 389.
\classnum@=\count273
\DOTSCASE@=\count274
LaTeX Info: Redefining \ldots on input line 486.
LaTeX Info: Redefining \dots on input line 489.
LaTeX Info: Redefining \cdots on input line 610.
\Mathstrutbox@=\box49
\strutbox@=\box50
\big@size=\dimen163
LaTeX Font Info:    Redeclaring font encoding OML on input line 733.
LaTeX Font Info:    Redeclaring font encoding OMS on input line 734.
\macc@depth=\count275
\c@MaxMatrixCols=\count276
\dotsspace@=\muskip17
\c@parentequation=\count277
\dspbrk@lvl=\count278
\tag@help=\toks21
\row@=\count279
\column@=\count280
\maxfields@=\count281
\andhelp@=\toks22
\eqnshift@=\dimen164
\alignsep@=\dimen165
\tagshift@=\dimen166
\tagwidth@=\dimen167
\totwidth@=\dimen168
\lineht@=\dimen169
\@envbody=\toks23
\multlinegap=\skip89
\multlinetaggap=\skip90
\mathdisplay@stack=\toks24
LaTeX Info: Redefining \[ on input line 2859.
LaTeX Info: Redefining \] on input line 2860.
) (/usr/share/texlive/texmf-dist/tex/latex/amscls/amsthm.sty
Package: amsthm 2017/10/31 v2.20.4
\thm@style=\toks25
\thm@bodyfont=\toks26
\thm@headfont=\toks27
\thm@notefont=\toks28
\thm@headpunct=\toks29
\thm@preskip=\skip91
\thm@postskip=\skip92
\thm@headsep=\skip93
\dth@everypar=\toks30
) (/usr/share/texlive/texmf-dist/tex/latex/amsfonts/amssymb.sty
Package: amssymb 2013/01/14 v3.01 AMS font symbols
 (/usr/share/texlive/texmf-dist/tex/latex/amsfonts/amsfonts.sty
Package: amsfonts 2013/01/14 v3.01 Basic AMSFonts support
\symAMSa=\mathgroup4
\symAMSb=\mathgroup5
LaTeX Font Info:    Redeclaring math symbol \hbar on input line 98.
LaTeX Font Info:    Overwriting math alphabet `\mathfrak' in version `bold'
(Font)                  U/euf/m/n --> U/euf/b/n on input line 106.
)) (/usr/share/texlive/texmf-dist/tex/latex/esint/esint.sty
Package: esint 
\symlargesymbolsA=\mathgroup6
)
\c@theorem=\count282
\c@lemma=\count283
\c@proposition=\count284
 (/usr/share/texlive/texmf-dist/tex/latex/titlesec/titlesec.sty
Package: titlesec 2019/10/16 v2.13 Sectioning titles
\ttl@box=\box51
\beforetitleunit=\skip94
\aftertitleunit=\skip95
\ttl@plus=\dimen170
\ttl@minus=\dimen171
\ttl@toksa=\toks31
\titlewidth=\dimen172
\titlewidthlast=\dimen173
\titlewidthfirst=\dimen174
) (/usr/share/texlive/texmf-dist/tex/latex/l3backend/l3backend-pdfmode.def
File: l3backend-pdfmode.def 2020-02-03 L3 backend support: PDF mode
\l__kernel_color_stack_int=\count285
\l__pdf_internal_box=\box52
) (/home/shivam/Documents/sem3/cs215/matlab_scripts/assignments/assign2/submission.aux)
\openout1 = `submission.aux'.

LaTeX Font Info:    Checking defaults for OML/cmm/m/it on input line 50.
LaTeX Font Info:    ... okay on input line 50.
LaTeX Font Info:    Checking defaults for OMS/cmsy/m/n on input line 50.
LaTeX Font Info:    ... okay on input line 50.
LaTeX Font Info:    Checking defaults for OT1/cmr/m/n on input line 50.
LaTeX Font Info:    ... okay on input line 50.
LaTeX Font Info:    Checking defaults for T1/cmr/m/n on input line 50.
LaTeX Font Info:    ... okay on input line 50.
LaTeX Font Info:    Checking defaults for TS1/cmr/m/n on input line 50.
LaTeX Font Info:    ... okay on input line 50.
LaTeX Font Info:    Checking defaults for OMX/cmex/m/n on input line 50.
LaTeX Font Info:    ... okay on input line 50.
LaTeX Font Info:    Checking defaults for U/cmr/m/n on input line 50.
LaTeX Font Info:    ... okay on input line 50.
LaTeX Font Info:    Checking defaults for PD1/pdf/m/n on input line 50.
LaTeX Font Info:    ... okay on input line 50.

*geometry* driver: auto-detecting
*geometry* detected driver: pdftex
*geometry* verbose mode - [ preamble ] result:
* driver: pdftex
* paper: a4paper
* layout: <same size as paper>
* layoutoffset:(h,v)=(0.0pt,0.0pt)
* modes: 
* h-part:(L,W,R)=(86.72377pt, 424.06033pt, 86.72377pt)
* v-part:(T,H,B)=(108.405pt, 628.23685pt, 108.405pt)
* \paperwidth=597.50787pt
* \paperheight=845.04684pt
* \textwidth=424.06033pt
* \textheight=628.23685pt
* \oddsidemargin=14.45378pt
* \evensidemargin=14.45378pt
* \topmargin=-0.86499pt
* \headheight=12.0pt
* \headsep=25.0pt
* \topskip=10.0pt
* \footskip=30.0pt
* \marginparwidth=65.0pt
* \marginparsep=11.0pt
* \columnsep=10.0pt
* \skip\footins=9.0pt plus 4.0pt minus 2.0pt
* \hoffset=0.0pt
* \voffset=0.0pt
* \mag=1000
* \@twocolumnfalse
* \@twosidefalse
* \@mparswitchfalse
* \@reversemarginfalse
* (1in=72.27pt=25.4mm, 1cm=28.453pt)

ABD: EverySelectfont initializing macros
LaTeX Info: Redefining \selectfont on input line 50.
\AtBeginShipoutBox=\box53
Package hyperref Info: Link coloring OFF on input line 50.
 (/usr/share/texlive/texmf-dist/tex/latex/hyperref/nameref.sty
Package: nameref 2019/09/16 v2.46 Cross-referencing by name of section
 (/usr/share/texlive/texmf-dist/tex/latex/refcount/refcount.sty
Package: refcount 2019/12/15 v3.6 Data extraction from label references (HO)
) (/usr/share/texlive/texmf-dist/tex/generic/gettitlestring/gettitlestring.sty
Package: gettitlestring 2019/12/15 v1.6 Cleanup title references (HO)
)
\c@section@level=\count286
)
LaTeX Info: Redefining \ref on input line 50.
LaTeX Info: Redefining \pageref on input line 50.
LaTeX Info: Redefining \nameref on input line 50.
 (/home/shivam/Documents/sem3/cs215/matlab_scripts/assignments/assign2/submission.out) (/home/shivam/Documents/sem3/cs215/matlab_scripts/assignments/assign2/submission.out)
\@outlinefile=\write3
\openout3 = `submission.out'.

 (/usr/share/texlive/texmf-dist/tex/context/base/mkii/supp-pdf.mkii
[Loading MPS to PDF converter (version 2006.09.02).]
\scratchcounter=\count287
\scratchdimen=\dimen175
\scratchbox=\box54
\nofMPsegments=\count288
\nofMParguments=\count289
\everyMPshowfont=\toks32
\MPscratchCnt=\count290
\MPscratchDim=\dimen176
\MPnumerator=\count291
\makeMPintoPDFobject=\count292
\everyMPtoPDFconversion=\toks33
) (/usr/share/texlive/texmf-dist/tex/latex/epstopdf-pkg/epstopdf-base.sty
Package: epstopdf-base 2020-01-24 v2.11 Base part for package epstopdf
Package epstopdf-base Info: Redefining graphics rule for `.eps' on input line 485.
 (/usr/share/texlive/texmf-dist/tex/latex/latexconfig/epstopdf-sys.cfg
File: epstopdf-sys.cfg 2010/07/13 v1.3 Configuration of (r)epstopdf for TeX Live
))
Package caption Info: Begin \AtBeginDocument code.
Package caption Info: float package is loaded.
Package caption Info: floatrow package is loaded.
Package caption Info: End \AtBeginDocument code.
LaTeX Font Info:    Trying to load font information for U+msa on input line 54.
 (/usr/share/texlive/texmf-dist/tex/latex/amsfonts/umsa.fd
File: umsa.fd 2013/01/14 v3.01 AMS symbols A
)
LaTeX Font Info:    Trying to load font information for U+msb on input line 54.
 (/usr/share/texlive/texmf-dist/tex/latex/amsfonts/umsb.fd
File: umsb.fd 2013/01/14 v3.01 AMS symbols B
)
LaTeX Font Info:    Trying to load font information for U+esint on input line 54.
 (/usr/share/texlive/texmf-dist/tex/latex/esint/uesint.fd
File: uesint.fd 
) (/home/shivam/Documents/sem3/cs215/matlab_scripts/assignments/assign2/submission.toc)
\tf@toc=\write4
\openout4 = `submission.toc'.

<1.jpeg, id=39, 1284.8pt x 1119.18124pt>
File: 1.jpeg Graphic file (type jpg)
<use 1.jpeg>
Package pdftex.def Info: 1.jpeg  used on input line 60.
(pdftex.def)             Requested size: 424.06374pt x 369.39926pt.

Overfull \hbox (30.0034pt too wide) in paragraph at lines 60--60
[] 
 []

[1

{/var/lib/texmf/fonts/map/pdftex/updmap/pdftex.map}]
<3a.jpeg, id=50, 1226.5825pt x 1284.8pt>
File: 3a.jpeg Graphic file (type jpg)
<use 3a.jpeg>
Package pdftex.def Info: 3a.jpeg  used on input line 64.
(pdftex.def)             Requested size: 424.05109pt x 444.17789pt.

Overfull \hbox (29.99075pt too wide) in paragraph at lines 64--64
[] 
 []

[2 </home/shivam/Documents/sem3/cs215/matlab_scripts/assignments/assign2/1.jpeg>]
<3b.jpeg, id=55, 1220.56pt x 1284.8pt>
File: 3b.jpeg Graphic file (type jpg)
<use 3b.jpeg>
Package pdftex.def Info: 3b.jpeg  used on input line 65.
(pdftex.def)             Requested size: 424.0549pt x 446.3736pt.

Overfull \hbox (29.99457pt too wide) in paragraph at lines 65--65
[][] 
 []

[3 </home/shivam/Documents/sem3/cs215/matlab_scripts/assignments/assign2/3a.jpeg>]
<4a.jpeg, id=60, 868.24374pt x 1284.8pt>
File: 4a.jpeg Graphic file (type jpg)
<use 4a.jpeg>
Package pdftex.def Info: 4a.jpeg  used on input line 67.
(pdftex.def)             Requested size: 424.06534pt x 627.51866pt.

Overfull \hbox (30.005pt too wide) in paragraph at lines 67--67
[] 
 []

[4 </home/shivam/Documents/sem3/cs215/matlab_scripts/assignments/assign2/3b.jpeg>]
Overfull \vbox (28.18457pt too high) has occurred while \output is active []

 [5 </home/shivam/Documents/sem3/cs215/matlab_scripts/assignments/assign2/4a.jpeg>]
<4b.jpeg, id=69, 1284.8pt x 1250.6725pt>
File: 4b.jpeg Graphic file (type jpg)
<use 4b.jpeg>
Package pdftex.def Info: 4b.jpeg  used on input line 68.
(pdftex.def)             Requested size: 424.06374pt x 412.79955pt.

Overfull \hbox (30.0034pt too wide) in paragraph at lines 68--68
[][] 
 []

<4c.jpeg, id=70, 963.6pt x 1284.8pt>
File: 4c.jpeg Graphic file (type jpg)
<use 4c.jpeg>
Package pdftex.def Info: 4c.jpeg  used on input line 69.
(pdftex.def)             Requested size: 424.05884pt x 565.41177pt.

Overfull \hbox (29.9985pt too wide) in paragraph at lines 69--69
[][] 
 []

[6 </home/shivam/Documents/sem3/cs215/matlab_scripts/assignments/assign2/4b.jpeg>] [7 </home/shivam/Documents/sem3/cs215/matlab_scripts/assignments/assign2/4c.jpeg>]
<p1_100.jpg, id=80, 878.28125pt x 658.46pt>
File: p1_100.jpg Graphic file (type jpg)
<use p1_100.jpg>
Package pdftex.def Info: p1_100.jpg  used on input line 73.
(pdftex.def)             Requested size: 424.06288pt x 317.92601pt.

Overfull \hbox (30.00255pt too wide) in paragraph at lines 73--73
[][] 
 []

<p1_1000.jpg, id=81, 878.28125pt x 658.46pt>
File: p1_1000.jpg Graphic file (type jpg)
<use p1_1000.jpg>
Package pdftex.def Info: p1_1000.jpg  used on input line 74.
(pdftex.def)             Requested size: 424.06288pt x 317.92601pt.

Overfull \hbox (30.00255pt too wide) in paragraph at lines 74--74
[][] 
 []

[8 </home/shivam/Documents/sem3/cs215/matlab_scripts/assignments/assign2/p1_100.jpg>]
File: p1_1000.jpg Graphic file (type jpg)
<use p1_1000.jpg>
Package pdftex.def Info: p1_1000.jpg  used on input line 75.
(pdftex.def)             Requested size: 424.06288pt x 317.92601pt.

Overfull \hbox (30.00255pt too wide) in paragraph at lines 75--75
[][] 
 []

[9 </home/shivam/Documents/sem3/cs215/matlab_scripts/assignments/assign2/p1_1000.jpg>]
<p2_100.jpg, id=90, 878.28125pt x 658.46pt>
File: p2_100.jpg Graphic file (type jpg)
<use p2_100.jpg>
Package pdftex.def Info: p2_100.jpg  used on input line 76.
(pdftex.def)             Requested size: 424.06288pt x 317.92601pt.

Overfull \hbox (30.00255pt too wide) in paragraph at lines 76--76
[][] 
 []

[10]
<p2_1000.jpg, id=95, 878.28125pt x 658.46pt>
File: p2_1000.jpg Graphic file (type jpg)
<use p2_1000.jpg>
Package pdftex.def Info: p2_1000.jpg  used on input line 77.
(pdftex.def)             Requested size: 424.06288pt x 317.92601pt.

Overfull \hbox (30.00255pt too wide) in paragraph at lines 77--77
[][] 
 []

[11 </home/shivam/Documents/sem3/cs215/matlab_scripts/assignments/assign2/p2_100.jpg>]
<p2_10000.jpg, id=100, 878.28125pt x 658.46pt>
File: p2_10000.jpg Graphic file (type jpg)
<use p2_10000.jpg>
Package pdftex.def Info: p2_10000.jpg  used on input line 78.
(pdftex.def)             Requested size: 424.06288pt x 317.92601pt.

Overfull \hbox (30.00255pt too wide) in paragraph at lines 78--78
[][] 
 []

[12 </home/shivam/Documents/sem3/cs215/matlab_scripts/assignments/assign2/p2_1000.jpg>]
<p3.jpg, id=105, 878.28125pt x 658.46pt>
File: p3.jpg Graphic file (type jpg)
<use p3.jpg>
Package pdftex.def Info: p3.jpg  used on input line 79.
(pdftex.def)             Requested size: 424.06288pt x 317.92601pt.

Overfull \hbox (30.00255pt too wide) in paragraph at lines 79--79
[][] 
 []

[13 </home/shivam/Documents/sem3/cs215/matlab_scripts/assignments/assign2/p2_10000.jpg>] [14 </home/shivam/Documents/sem3/cs215/matlab_scripts/assignments/assign2/p3.jpg>]
<cor_cof1.png, id=115, 486.1362pt x 468.7914pt>
File: cor_cof1.png Graphic file (type png)
<use cor_cof1.png>
Package pdftex.def Info: cor_cof1.png  used on input line 86.
(pdftex.def)             Requested size: 424.06259pt x 408.93251pt.


Package caption Warning: \captionsetup{type*=...} or \captionof
(caption)                outside box or environment on input line 87.
See the caption package documentation for explanation.


Package caption Warning: The option `hypcap=true' will be ignored for this
(caption)                particular \caption on input line 87.
See the caption package documentation for explanation.


Overfull \hbox (30.00226pt too wide) in paragraph at lines 86--87
[][] 
 []

<quadMutInf1.png, id=116, 486.1362pt x 468.7914pt>
File: quadMutInf1.png Graphic file (type png)
<use quadMutInf1.png>
Package pdftex.def Info: quadMutInf1.png  used on input line 91.
(pdftex.def)             Requested size: 424.06259pt x 408.93251pt.

Package caption Warning: The option `hypcap=true' will be ignored for this
(caption)                particular \caption on input line 92.
See the caption package documentation for explanation.


Overfull \hbox (30.00226pt too wide) in paragraph at lines 91--92
[][] 
 []

[15 </home/shivam/Documents/sem3/cs215/matlab_scripts/assignments/assign2/cor_cof1.png (PNG copy)>]
<cor_cof2.png, id=122, 486.1362pt x 468.7914pt>
File: cor_cof2.png Graphic file (type png)
<use cor_cof2.png>
Package pdftex.def Info: cor_cof2.png  used on input line 96.
(pdftex.def)             Requested size: 424.06259pt x 408.93251pt.


Package caption Warning: The option `hypcap=true' will be ignored for this
(caption)                particular \caption on input line 97.
See the caption package documentation for explanation.


Overfull \hbox (30.00226pt too wide) in paragraph at lines 96--97
[][] 
 []

[16 </home/shivam/Documents/sem3/cs215/matlab_scripts/assignments/assign2/quadMutInf1.png (PNG copy)>]
<quadMutInf2.png, id=128, 486.1362pt x 468.7914pt>
File: quadMutInf2.png Graphic file (type png)
<use quadMutInf2.png>
Package pdftex.def Info: quadMutInf2.png  used on input line 101.
(pdftex.def)             Requested size: 424.06259pt x 408.93251pt.


Package caption Warning: The option `hypcap=true' will be ignored for this
(caption)                particular \caption on input line 102.
See the caption package documentation for explanation.


Overfull \hbox (30.00226pt too wide) in paragraph at lines 101--102
[][] 
 []

[17 </home/shivam/Documents/sem3/cs215/matlab_scripts/assignments/assign2/cor_cof2.png (PNG copy)>] [18 </home/shivam/Documents/sem3/cs215/matlab_scripts/assignments/assign2/quadMutInf2.png (PNG copy)>]
<7a.jpeg, id=139, 992.70876pt x 1284.8pt>
File: 7a.jpeg Graphic file (type jpg)
<use 7a.jpeg>
Package pdftex.def Info: 7a.jpeg  used on input line 119.
(pdftex.def)             Requested size: 424.05417pt x 548.82642pt.
<7b.jpeg, id=140, 853.1875pt x 1284.8pt>
File: 7b.jpeg Graphic file (type jpg)
<use 7b.jpeg>
Package pdftex.def Info: 7b.jpeg  used on input line 124.
(pdftex.def)             Requested size: 417.1933pt x 628.24402pt.


LaTeX Warning: Float too large for page by 0.00717pt on input line 125.


LaTeX Warning: `!h' float specifier changed to `!ht'.

Package atveryend Info: Empty hook `BeforeClearDocument' on input line 126.
[19 </home/shivam/Documents/sem3/cs215/matlab_scripts/assignments/assign2/7a.jpeg>] [20 </home/shivam/Documents/sem3/cs215/matlab_scripts/assignments/assign2/7b.jpeg>]
Package atveryend Info: Empty hook `AfterLastShipout' on input line 126.
 (/home/shivam/Documents/sem3/cs215/matlab_scripts/assignments/assign2/submission.aux)
Package atveryend Info: Executing hook `AtVeryEndDocument' on input line 126.
Package atveryend Info: Executing hook `AtEndAfterFileList' on input line 126.
Package rerunfilecheck Info: File `submission.out' has not changed.
(rerunfilecheck)             Checksum: 59AB8FFB4B854B1B4DE8C2CEF679539F;315.
 ) 
Here is how much of TeX's memory you used:
 10260 strings out of 481239
 152640 string characters out of 5920378
 430631 words of memory out of 5000000
 25300 multiletter control sequences out of 15000+600000
 538703 words of font info for 50 fonts, out of 8000000 for 9000
 1141 hyphenation exceptions out of 8191
 45i,12n,46p,1268b,409s stack positions out of 5000i,500n,10000p,200000b,80000s
</usr/share/texlive/texmf-dist/fonts/type1/public/amsfonts/cm/cmbx10.pfb></usr/share/texlive/texmf-dist/fonts/type1/public/amsfonts/cm/cmbx12.pfb></usr/share/texlive/texmf-dist/fonts/type1/public/amsfonts/cm/cmr10.pfb></usr/share/texlive/texmf-dist/fonts/type1/public/amsfonts/cm/cmr12.pfb></usr/share/texlive/texmf-dist/fonts/type1/public/amsfonts/cm/cmr17.pfb>
Output written on /home/shivam/Documents/sem3/cs215/matlab_scripts/assignments/assign2/submission.pdf (20 pages, 1299540 bytes).
PDF statistics:
 180 PDF objects out of 1000 (max. 8388607)
 133 compressed objects within 2 object streams
 34 named destinations out of 1000 (max. 500000)
 147 words of extra memory for PDF output out of 10000 (max. 10000000)

